[    0.000000] Initializing cgroup subsys cpuset
[    0.000000] Initializing cgroup subsys cpu
[    0.000000] Initializing cgroup subsys cpuacct
[    0.000000] Linux version 4.4.0-210-generic (buildd@lgw01-amd64-009) (gcc version 5.4.0 20160609 (Ubuntu 5.4.0-6ubuntu1~16.04.12) ) #242-Ubuntu SMP Fri Apr 16 09:57:56 UTC 2021 (Ubuntu 4.4.0-210.242-generic 4.4.262)
[    0.000000] Command line: BOOT_IMAGE=/boot/vmlinuz-4.4.0-210-generic root=LABEL=cloudimg-rootfs ro console=tty1 console=ttyS0
[    0.000000] KERNEL supported cpus:
[    0.000000]   Intel GenuineIntel
[    0.000000]   AMD AuthenticAMD
[    0.000000]   Centaur CentaurHauls
[    0.000000] x86/fpu: xstate_offset[2]:  576, xstate_sizes[2]:  256
[    0.000000] x86/fpu: Supporting XSAVE feature 0x01: 'x87 floating point registers'
[    0.000000] x86/fpu: Supporting XSAVE feature 0x02: 'SSE registers'
[    0.000000] x86/fpu: Supporting XSAVE feature 0x04: 'AVX registers'
[    0.000000] x86/fpu: Enabled xstate features 0x7, context size is 832 bytes, using 'standard' format.
[    0.000000] e820: BIOS-provided physical RAM map:
[    0.000000] BIOS-e820: [mem 0x0000000000000000-0x000000000009fbff] usable
[    0.000000] BIOS-e820: [mem 0x000000000009fc00-0x000000000009ffff] reserved
[    0.000000] BIOS-e820: [mem 0x00000000000f0000-0x00000000000fffff] reserved
[    0.000000] BIOS-e820: [mem 0x0000000000100000-0x000000003ffeffff] usable
[    0.000000] BIOS-e820: [mem 0x000000003fff0000-0x000000003fffffff] ACPI data
[    0.000000] BIOS-e820: [mem 0x00000000fec00000-0x00000000fec00fff] reserved
[    0.000000] BIOS-e820: [mem 0x00000000fee00000-0x00000000fee00fff] reserved
[    0.000000] BIOS-e820: [mem 0x00000000fffc0000-0x00000000ffffffff] reserved
[    0.000000] NX (Execute Disable) protection: active
[    0.000000] SMBIOS 2.5 present.
[    0.000000] Hypervisor detected: KVM
[    0.000000] e820: last_pfn = 0x3fff0 max_arch_pfn = 0x400000000
[    0.000000] MTRR: Disabled
[    0.000000] x86/PAT: MTRRs disabled, skipping PAT initialization too.
[    0.000000] CPU MTRRs all blank - virtualized system.
[    0.000000] x86/PAT: Configuration [0-7]: WB  WT  UC- UC  WB  WT  UC- UC  
[    0.000000] found SMP MP-table at [mem 0x0009fff0-0x0009ffff] mapped at [ffff88000009fff0]
[    0.000000] Scanning 1 areas for low memory corruption
[    0.000000] RAMDISK: [mem 0x362dc000-0x37165fff]
[    0.000000] ACPI: Early table checksum verification disabled
[    0.000000] ACPI: RSDP 0x00000000000E0000 000024 (v02 VBOX  )
[    0.000000] ACPI: XSDT 0x000000003FFF0030 00003C (v01 VBOX   VBOXXSDT 00000001 ASL  00000061)
[    0.000000] ACPI: FACP 0x000000003FFF00F0 0000F4 (v04 VBOX   VBOXFACP 00000001 ASL  00000061)
[    0.000000] ACPI: DSDT 0x000000003FFF0470 002325 (v02 VBOX   VBOXBIOS 00000002 INTL 20100528)
[    0.000000] ACPI: FACS 0x000000003FFF0200 000040
[    0.000000] ACPI: FACS 0x000000003FFF0200 000040
[    0.000000] ACPI: APIC 0x000000003FFF0240 00005C (v02 VBOX   VBOXAPIC 00000001 ASL  00000061)
[    0.000000] ACPI: SSDT 0x000000003FFF02A0 0001CC (v01 VBOX   VBOXCPUT 00000002 INTL 20100528)
[    0.000000] No NUMA configuration found
[    0.000000] Faking a node at [mem 0x0000000000000000-0x000000003ffeffff]
[    0.000000] NODE_DATA(0) allocated [mem 0x3ffeb000-0x3ffeffff]
[    0.000000] kvm-clock: Using msrs 4b564d01 and 4b564d00
[    0.000000] kvm-clock: cpu 0, msr 0:3ffe3001, primary cpu clock
[    0.000000] kvm-clock: using sched offset of 3720696769 cycles
[    0.000000] clocksource: kvm-clock: mask: 0xffffffffffffffff max_cycles: 0x1cd42e4dffb, max_idle_ns: 881590591483 ns
[    0.000000] Zone ranges:
[    0.000000]   DMA      [mem 0x0000000000001000-0x0000000000ffffff]
[    0.000000]   DMA32    [mem 0x0000000001000000-0x000000003ffeffff]
[    0.000000]   Normal   empty
[    0.000000]   Device   empty
[    0.000000] Movable zone start for each node
[    0.000000] Early memory node ranges
[    0.000000]   node   0: [mem 0x0000000000001000-0x000000000009efff]
[    0.000000]   node   0: [mem 0x0000000000100000-0x000000003ffeffff]
[    0.000000] Initmem setup node 0 [mem 0x0000000000001000-0x000000003ffeffff]
[    0.000000] ACPI: PM-Timer IO Port: 0x4008
[    0.000000] IOAPIC[0]: apic_id 2, version 32, address 0xfec00000, GSI 0-23
[    0.000000] ACPI: INT_SRC_OVR (bus 0 bus_irq 0 global_irq 2 dfl dfl)
[    0.000000] ACPI: INT_SRC_OVR (bus 0 bus_irq 9 global_irq 9 low level)
[    0.000000] Using ACPI (MADT) for SMP configuration information
[    0.000000] smpboot: Allowing 2 CPUs, 0 hotplug CPUs
[    0.000000] PM: Registered nosave memory: [mem 0x00000000-0x00000fff]
[    0.000000] PM: Registered nosave memory: [mem 0x0009f000-0x0009ffff]
[    0.000000] PM: Registered nosave memory: [mem 0x000a0000-0x000effff]
[    0.000000] PM: Registered nosave memory: [mem 0x000f0000-0x000fffff]
[    0.000000] e820: [mem 0x40000000-0xfebfffff] available for PCI devices
[    0.000000] Booting paravirtualized kernel on KVM
[    0.000000] clocksource: refined-jiffies: mask: 0xffffffff max_cycles: 0xffffffff, max_idle_ns: 7645519600211568 ns
[    0.000000] setup_percpu: NR_CPUS:512 nr_cpumask_bits:512 nr_cpu_ids:2 nr_node_ids:1
[    0.000000] PERCPU: Embedded 33 pages/cpu @ffff88003fc00000 s95192 r8192 d31784 u1048576
[    0.000000] Built 1 zonelists in Node order, mobility grouping on.  Total pages: 257912
[    0.000000] Policy zone: DMA32
[    0.000000] Kernel command line: BOOT_IMAGE=/boot/vmlinuz-4.4.0-210-generic root=LABEL=cloudimg-rootfs ro console=tty1 console=ttyS0
[    0.000000] PID hash table entries: 4096 (order: 3, 32768 bytes)
[    0.000000] Memory: 997792K/1048120K available (8644K kernel code, 1332K rwdata, 4044K rodata, 1492K init, 1164K bss, 50328K reserved, 0K cma-reserved)
[    0.000000] SLUB: HWalign=64, Order=0-3, MinObjects=0, CPUs=2, Nodes=1
[    0.000000] Kernel/User page tables isolation: enabled
[    0.000000] Hierarchical RCU implementation.
[    0.000000] 	Build-time adjustment of leaf fanout to 64.
[    0.000000] 	RCU restricting CPUs from NR_CPUS=512 to nr_cpu_ids=2.
[    0.000000] RCU: Adjusting geometry for rcu_fanout_leaf=64, nr_cpu_ids=2
[    0.000000] NR_IRQS:33024 nr_irqs:440 16
[    0.000000] Console: colour VGA+ 80x25
[    0.000000] console [tty1] enabled
[    0.000000] console [ttyS0] enabled
[    0.000000] tsc: Detected 2712.002 MHz processor
[    0.246185] Calibrating delay loop (skipped) preset value.. 5424.00 BogoMIPS (lpj=10848008)
[    0.248524] pid_max: default: 32768 minimum: 301
[    0.249881] ACPI: Core revision 20150930
[    0.253645] ACPI: 2 ACPI AML tables successfully acquired and loaded
[    0.255722] Security Framework initialized
[    0.257845] Yama: becoming mindful.
[    0.258985] AppArmor: AppArmor initialized
[    0.260258] Dentry cache hash table entries: 131072 (order: 8, 1048576 bytes)
[    0.265716] Inode-cache hash table entries: 65536 (order: 7, 524288 bytes)
[    0.267513] Mount-cache hash table entries: 2048 (order: 2, 16384 bytes)
[    0.270187] Mountpoint-cache hash table entries: 2048 (order: 2, 16384 bytes)
[    0.273384] Initializing cgroup subsys io
[    0.276376] Initializing cgroup subsys memory
[    0.277987] Initializing cgroup subsys devices
[    0.279227] Initializing cgroup subsys freezer
[    0.280515] Initializing cgroup subsys net_cls
[    0.282240] Initializing cgroup subsys perf_event
[    0.283553] Initializing cgroup subsys net_prio
[    0.284946] Initializing cgroup subsys hugetlb
[    0.286196] Initializing cgroup subsys pids
[    0.288704] mce: CPU supports 0 MCE banks
[    0.290882] Last level iTLB entries: 4KB 64, 2MB 8, 4MB 8
[    0.292722] Last level dTLB entries: 4KB 64, 2MB 0, 4MB 0, 1GB 4
[    0.294472] Spectre V1 : Mitigation: usercopy/swapgs barriers and __user pointer sanitization
[    0.296848] Spectre V2 : Mitigation: Full generic retpoline
[    0.298441] Spectre V2 : Spectre v2 / SpectreRSB mitigation: Filling RSB on context switch
[    0.300707] Speculative Store Bypass: Vulnerable
[    0.302106] SRBDS: Unknown: Dependent on hypervisor status
[    0.304192] MDS: Mitigation: Clear CPU buffers
[    0.312007] Freeing SMP alternatives memory: 36K
[    0.321203] ftrace: allocating 32380 entries in 127 pages
[    0.411664] smpboot: APIC(0) Converting physical 0 to logical package 0
[    0.413679] smpboot: Max logical packages: 1
[    0.415891] x2apic enabled
[    0.417279] Switched APIC routing to physical x2apic.
[    0.420253] ..TIMER: vector=0x30 apic1=0 pin1=2 apic2=-1 pin2=-1
[    0.530410] smpboot: CPU0: Intel(R) Core(TM) i5-7200U CPU @ 2.50GHz (family: 0x6, model: 0x8e, stepping: 0x9)
[    0.533555] Performance Events: unsupported p6 CPU model 142 no PMU driver, software events only.
[    0.553357] KVM setup paravirtual spinlock
[    0.555271] x86: Booting SMP configuration:
[    0.557043] .... node  #0, CPUs:      #1
[    0.558431] kvm-clock: cpu 1, msr 0:3ffe3041, secondary cpu clock
[    0.561522] mce: CPU supports 0 MCE banks
[    0.564472] x86: Booted up 1 node, 2 CPUs
[    0.565913] smpboot: Total of 2 processors activated (10848.00 BogoMIPS)
[    0.568158] devtmpfs: initialized
[    0.571507] evm: security.selinux
[    0.572624] evm: security.SMACK64
[    0.575450] evm: security.SMACK64EXEC
[    0.577152] evm: security.SMACK64TRANSMUTE
[    0.578534] evm: security.SMACK64MMAP
[    0.579709] evm: security.ima
[    0.580634] evm: security.capability
[    0.582186] clocksource: jiffies: mask: 0xffffffff max_cycles: 0xffffffff, max_idle_ns: 7645041785100000 ns
[    0.584925] futex hash table entries: 512 (order: 3, 32768 bytes)
[    0.586886] pinctrl core: initialized pinctrl subsystem
[    0.588558] RTC time:  9:49:24, date: 08/27/21
[    0.590631] NET: Registered protocol family 16
[    0.605127] cpuidle: using governor ladder
[    0.620010] cpuidle: using governor menu
[    0.621518] PCCT header not found.
[    0.624740] ACPI: bus type PCI registered
[    0.627005] acpiphp: ACPI Hot Plug PCI Controller Driver version: 0.5
[    0.629692] PCI: Using configuration type 1 for base access
[    0.644188] ACPI: Added _OSI(Module Device)
[    0.645529] ACPI: Added _OSI(Processor Device)
[    0.646814] ACPI: Added _OSI(3.0 _SCP Extensions)
[    0.648123] ACPI: Added _OSI(Processor Aggregator Device)
[    0.650618] ACPI: Executed 1 blocks of module-level executable AML code
[    0.655358] ACPI: Interpreter enabled
[    0.656929] ACPI: (supports S0 S5)
[    0.658193] ACPI: Using IOAPIC for interrupt routing
[    0.659865] PCI: Using host bridge windows from ACPI; if necessary, use "pci=nocrs" and report a bug
[    0.667045] ACPI: PCI Root Bridge [PCI0] (domain 0000 [bus 00-ff])
[    0.668650] acpi PNP0A03:00: _OSC: OS supports [ASPM ClockPM Segments MSI]
[    0.671679] acpi PNP0A03:00: _OSC: not requesting OS control; OS requires [ExtendedConfig ASPM ClockPM MSI]
[    0.676550] acpi PNP0A03:00: fail to add MMCONFIG information, can't access extended PCI configuration space under this bridge.
[    0.680182] PCI host bridge to bus 0000:00
[    0.681653] pci_bus 0000:00: root bus resource [io  0x0000-0x0cf7 window]
[    0.683672] pci_bus 0000:00: root bus resource [io  0x0d00-0xffff window]
[    0.685379] pci_bus 0000:00: root bus resource [mem 0x000a0000-0x000bffff window]
[    0.687551] pci_bus 0000:00: root bus resource [mem 0x40000000-0xfdffffff window]
[    0.690206] pci_bus 0000:00: root bus resource [bus 00-ff]
[    0.694244] pci 0000:00:01.1: legacy IDE quirk: reg 0x10: [io  0x01f0-0x01f7]
[    0.696012] pci 0000:00:01.1: legacy IDE quirk: reg 0x14: [io  0x03f6]
[    0.697800] pci 0000:00:01.1: legacy IDE quirk: reg 0x18: [io  0x0170-0x0177]
[    0.716756] pci 0000:00:01.1: legacy IDE quirk: reg 0x1c: [io  0x0376]
[    0.743221] pci 0000:00:07.0: quirk: [io  0x4000-0x403f] claimed by PIIX4 ACPI
[    0.746096] pci 0000:00:07.0: quirk: [io  0x4100-0x410f] claimed by PIIX4 SMB
[    0.770102] ACPI: PCI Interrupt Link [LNKA] (IRQs 5 9 10 *11)
[    0.775855] ACPI: PCI Interrupt Link [LNKB] (IRQs 5 9 *10 11)
[    0.778927] ACPI: PCI Interrupt Link [LNKC] (IRQs 5 *9 10 11)
[    0.780983] ACPI: PCI Interrupt Link [LNKD] (IRQs 5 9 10 *11)
[    0.783550] ACPI: Enabled 2 GPEs in block 00 to 07
[    0.785319] vgaarb: setting as boot device: PCI:0000:00:02.0
[    0.786940] vgaarb: device added: PCI:0000:00:02.0,decodes=io+mem,owns=io+mem,locks=none
[    0.789318] vgaarb: loaded
[    0.790992] vgaarb: bridge control possible 0000:00:02.0
[    0.793466] SCSI subsystem initialized
[    0.794747] ACPI: bus type USB registered
[    0.795916] usbcore: registered new interface driver usbfs
[    0.797428] usbcore: registered new interface driver hub
[    0.798853] usbcore: registered new device driver usb
[    0.803904] PCI: Using ACPI for IRQ routing
[    0.805634] NetLabel: Initializing
[    0.807593] NetLabel:  domain hash size = 128
[    0.810295] NetLabel:  protocols = UNLABELED CIPSOv4
[    0.811877] NetLabel:  unlabeled traffic allowed by default
[    0.813646] amd_nb: Cannot enumerate AMD northbridges
[    0.815068] clocksource: Switched to clocksource kvm-clock
[    0.829899] AppArmor: AppArmor Filesystem Enabled
[    0.831365] pnp: PnP ACPI init
[    0.833401] pnp: PnP ACPI: found 3 devices
[    0.849822] clocksource: acpi_pm: mask: 0xffffff max_cycles: 0xffffff, max_idle_ns: 2085701024 ns
[    0.854477] NET: Registered protocol family 2
[    0.856598] TCP established hash table entries: 8192 (order: 4, 65536 bytes)
[    0.860314] TCP bind hash table entries: 8192 (order: 5, 131072 bytes)
[    0.862729] TCP: Hash tables configured (established 8192 bind 8192)
[    0.865915] UDP hash table entries: 512 (order: 2, 16384 bytes)
[    0.868725] UDP-Lite hash table entries: 512 (order: 2, 16384 bytes)
[    0.871558] NET: Registered protocol family 1
[    0.876741] pci 0000:00:00.0: Limiting direct PCI/PCI transfers
[    0.879423] pci 0000:00:01.0: Activating ISA DMA hang workarounds
[    0.882157] Unpacking initramfs...
[    1.237030] Freeing initrd memory: 14888K
[    1.238329] clocksource: tsc: mask: 0xffffffffffffffff max_cycles: 0x2717880cafa, max_idle_ns: 440795252614 ns
[    1.243830] platform rtc_cmos: registered platform RTC device (no PNP device found)
[    1.246238] Scanning for low memory corruption every 60 seconds
[    1.248350] audit: initializing netlink subsys (disabled)
[    1.250087] audit: type=2000 audit(1630057770.068:1): initialized
[    1.252719] Initialise system trusted keyring
[    1.254465] HugeTLB registered 2 MB page size, pre-allocated 0 pages
[    1.258217] zbud: loaded
[    1.259585] VFS: Disk quotas dquot_6.6.0
[    1.260749] VFS: Dquot-cache hash table entries: 512 (order 0, 4096 bytes)
[    1.263177] squashfs: version 4.0 (2009/01/31) Phillip Lougher
[    1.265122] fuse init (API version 7.23)
[    1.266480] Key type big_key registered
[    1.267685] Allocating IMA MOK and blacklist keyrings.
[    1.270157] Key type asymmetric registered
[    1.271561] Asymmetric key parser 'x509' registered
[    1.274423] Block layer SCSI generic (bsg) driver version 0.4 loaded (major 249)
[    1.278367] io scheduler noop registered
[    1.279870] io scheduler deadline registered (default)
[    1.281730] io scheduler cfq registered
[    1.283536] pci_hotplug: PCI Hot Plug PCI Core version: 0.5
[    1.285064] pciehp: PCI Express Hot Plug Controller Driver version: 0.4
[    1.286864] ACPI: AC Adapter [AC] (on-line)
[    1.288279] input: Power Button as /devices/LNXSYSTM:00/LNXPWRBN:00/input/input0
[    1.294778] ACPI: Power Button [PWRF]
[    1.296325] input: Sleep Button as /devices/LNXSYSTM:00/LNXSLPBN:00/input/input1
[    1.298440] ACPI: Sleep Button [SLPF]
[    1.299789] GHES: HEST is not enabled!
[    1.302302] ACPI: Battery Slot [BAT0] (battery present)
[    1.304201] Serial: 8250/16550 driver, 32 ports, IRQ sharing enabled
[    1.328599] 00:02: ttyS0 at I/O 0x3f8 (irq = 4, base_baud = 115200) is a 16550A
[    1.333722] Linux agpgart interface v0.103
[    1.337525] loop: module loaded
[    1.339189] scsi host0: ata_piix
[    1.342458] scsi host1: ata_piix
[    1.343989] ata1: PATA max UDMA/33 cmd 0x1f0 ctl 0x3f6 bmdma 0xd000 irq 14
[    1.345846] ata2: PATA max UDMA/33 cmd 0x170 ctl 0x376 bmdma 0xd008 irq 15
[    1.347750] libphy: Fixed MDIO Bus: probed
[    1.349682] tun: Universal TUN/TAP device driver, 1.6
[    1.351059] tun: (C) 1999-2004 Max Krasnyansky <maxk@qualcomm.com>
[    1.353121] PPP generic driver version 2.4.2
[    1.354676] ehci_hcd: USB 2.0 'Enhanced' Host Controller (EHCI) Driver
[    1.357211] ehci-pci: EHCI PCI platform driver
[    1.358693] ehci-platform: EHCI generic platform driver
[    1.360281] ohci_hcd: USB 1.1 'Open' Host Controller (OHCI) Driver
[    1.362014] ohci-pci: OHCI PCI platform driver
[    1.363376] ohci-platform: OHCI generic platform driver
[    1.364763] uhci_hcd: USB Universal Host Controller Interface driver
[    1.366626] i8042: PNP: PS/2 Controller [PNP0303:PS2K,PNP0f03:PS2M] at 0x60,0x64 irq 1,12
[    1.370257] serio: i8042 KBD port at 0x60,0x64 irq 1
[    1.372078] serio: i8042 AUX port at 0x60,0x64 irq 12
[    1.376399] mousedev: PS/2 mouse device common for all mice
[    1.379271] input: AT Translated Set 2 keyboard as /devices/platform/i8042/serio0/input/input2
[    1.383216] rtc_cmos rtc_cmos: rtc core: registered rtc_cmos as rtc0
[    1.385228] rtc_cmos rtc_cmos: alarms up to one day, 114 bytes nvram
[    1.386993] i2c /dev entries driver
[    1.388178] device-mapper: uevent: version 1.0.3
[    1.390569] device-mapper: ioctl: 4.34.0-ioctl (2015-10-28) initialised: dm-devel@redhat.com
[    1.393411] ledtrig-cpu: registered to indicate activity on CPUs
[    1.395595] NET: Registered protocol family 10
[    1.397223] NET: Registered protocol family 17
[    1.398479] Key type dns_resolver registered
[    1.400210] registered taskstats version 1
[    1.401808] Loading compiled-in X.509 certificates
[    1.403969] Loaded X.509 cert 'Build time autogenerated kernel key: cf00e047681d67edb2720680708b7d9498083038'
[    1.407859] zswap: loaded using pool lzo/zbud
[    1.412466] Key type trusted registered
[    1.420081] Key type encrypted registered
[    1.421286] AppArmor: AppArmor sha1 policy hashing enabled
[    1.423908] ima: No TPM chip found, activating TPM-bypass!
[    1.426299] ima: Allocated hash algorithm: sha1
[    1.427639] evm: HMAC attrs: 0x1
[    1.429065]   Magic number: 1:782:829
[    1.430421] rtc_cmos rtc_cmos: setting system clock to 2021-08-27 09:49:25 UTC (1630057765)
[    1.433889] BIOS EDD facility v0.16 2004-Jun-25, 0 devices found
[    1.435756] EDD information not available.
[    1.531999] Freeing unused kernel memory: 1492K
[    1.533439] Write protecting the kernel read-only data: 14336k
[    1.535685] Freeing unused kernel memory: 1584K
[    1.537427] Freeing unused kernel memory: 52K
Loading, please wait...
starting version 229
[    1.562916] random: systemd-udevd: uninitialized urandom read (16 bytes read, 3 bits of entropy available)
[    1.563987] random: udevadm: uninitialized urandom read (16 bytes read, 3 bits of entropy available)
[    1.564015] random: udevadm: uninitialized urandom read (16 bytes read, 3 bits of entropy available)
[    1.576107] random: systemd-udevd: uninitialized urandom read (16 bytes read, 3 bits of entropy available)
[    1.578133] random: udevadm: uninitialized urandom read (16 bytes read, 3 bits of entropy available)
[    1.578194] random: udevadm: uninitialized urandom read (16 bytes read, 3 bits of entropy available)
[    1.578403] random: udevadm: uninitialized urandom read (16 bytes read, 3 bits of entropy available)
[    1.578474] random: udevadm: uninitialized urandom read (16 bytes read, 3 bits of entropy available)
[    1.578549] random: udevadm: uninitialized urandom read (16 bytes read, 3 bits of entropy available)
[    1.578624] random: udevadm: uninitialized urandom read (16 bytes read, 3 bits of entropy available)
[    1.658094] Fusion MPT base driver 3.04.20
[    1.660880] Copyright (c) 1999-2008 LSI Corporation
[    1.668922] e1000: Intel(R) PRO/1000 Network Driver - version 7.3.21-k8-NAPI
[    1.671261] e1000: Copyright (c) 1999-2006 Intel Corporation.
[    1.703347] AVX2 version of gcm_enc/dec engaged.
[    1.705330] AES CTR mode by8 optimization enabled
[    1.711387] Fusion MPT SPI Host driver 3.04.20
[    1.878752] input: ImExPS/2 Generic Explorer Mouse as /devices/platform/i8042/serio1/input/input4
[    2.259963] e1000 0000:00:03.0 eth0: (PCI:33MHz:32-bit) 02:a0:46:b5:71:eb
[    2.261875] e1000 0000:00:03.0 eth0: Intel(R) PRO/1000 Network Connection
[    2.264837] mptbase: ioc0: Initiating bringup
[    3.249898] ioc0: LSI53C1030 A0: Capabilities={Initiator}
[    5.249073] scsi host2: ioc0: LSI53C1030 A0, FwRev=00000000h, Ports=1, MaxQ=256, IRQ=20
[    6.961952] scsi 2:0:0:0: Direct-Access     VBOX     HARDDISK         1.0  PQ: 0 ANSI: 5
[    6.965081] scsi target2:0:0: Beginning Domain Validation
[    6.969081] scsi target2:0:0: Domain Validation skipping write tests
[    6.970952] scsi target2:0:0: Ending Domain Validation
[    6.974131] scsi target2:0:0: asynchronous
[    6.976752] scsi 2:0:1:0: Direct-Access     VBOX     HARDDISK         1.0  PQ: 0 ANSI: 5
[    6.979147] scsi target2:0:1: Beginning Domain Validation
[    6.982390] scsi target2:0:1: Domain Validation skipping write tests
[    6.984789] scsi target2:0:1: Ending Domain Validation
[    6.986484] scsi target2:0:1: asynchronous
[    7.059863] sd 2:0:0:0: Attached scsi generic sg0 type 0
[    7.061815] sd 2:0:0:0: [sda] 83886080 512-byte logical blocks: (42.9 GB/40.0 GiB)
[    7.065056] sd 2:0:1:0: [sdb] 20480 512-byte logical blocks: (10.5 MB/10.0 MiB)
[    7.067854] sd 2:0:1:0: [sdb] Write Protect is off
[    7.069865] sd 2:0:1:0: Attached scsi generic sg1 type 0
[    7.072677] sd 2:0:0:0: [sda] Write Protect is off
[    7.075322] sd 2:0:1:0: [sdb] Incomplete mode parameter data
[    7.076869] sd 2:0:1:0: [sdb] Assuming drive cache: write through
[    7.078787] sd 2:0:0:0: [sda] Incomplete mode parameter data
[    7.080624] sd 2:0:0:0: [sda] Assuming drive cache: write through
[    7.090250]  sda: sda1
[    7.097293] sd 2:0:1:0: [sdb] Attached SCSI disk
[    7.099223] sd 2:0:0:0: [sda] Attached SCSI disk
[    7.952203] e1000 0000:00:08.0 eth1: (PCI:33MHz:32-bit) 08:00:27:39:d3:f9
[    7.954314] e1000 0000:00:08.0 eth1: Intel(R) PRO/1000 Network Connection
[    7.958154] e1000 0000:00:03.0 enp0s3: renamed from eth0
[    7.980190] e1000 0000:00:08.0 enp0s8: renamed from eth1
Begin: Loading essential drivers ... [    9.535418] md: linear personality registered for level -1
[    9.543616] md: multipath personality registered for level -4
[    9.548177] md: raid0 personality registered for level 0
[    9.553882] md: raid1 personality registered for level 1
[    9.627121] raid6: sse2x1   gen()  7150 MB/s
[    9.695113] raid6: sse2x1   xor()  6906 MB/s
[    9.763364] raid6: sse2x2   gen()  9349 MB/s
[    9.831115] raid6: sse2x2   xor()  6354 MB/s
[    9.899158] raid6: sse2x4   gen()  6495 MB/s
[    9.967165] raid6: sse2x4   xor()  5301 MB/s
[   10.035120] raid6: avx2x1   gen() 14498 MB/s
[   10.103143] raid6: avx2x2   gen() 17261 MB/s
[   10.171114] raid6: avx2x4   gen() 18197 MB/s
[   10.173612] raid6: using algorithm avx2x4 gen() 18197 MB/s
[   10.175068] raid6: using avx2x2 recovery algorithm
[   10.177818] xor: automatically using best checksumming function:
[   10.219137]    avx       : 21592.000 MB/sec
[   10.222603] async_tx: api initialized (async)
[   10.237204] md: raid6 personality registered for level 6
[   10.240208] md: raid5 personality registered for level 5
[   10.242001] md: raid4 personality registered for level 4
[   10.252171] md: raid10 personality registered for level 10
done.
Begin: Running /scripts/init-premount ... done.
Begin: Mounting root file system ... Begin: Running /scripts/local-top ... done.
Begin: Running /scripts/local-premount ... [   10.303005] Btrfs loaded
Scanning for Btrfs filesystems
done.
Warning: fsck not present, so skipping root file system
[   10.347695] EXT4-fs (sda1): mounted filesystem with ordered data mode. Opts: (null)
done.
Begin: Running /scripts/local-bottom ... done.
Begin: Running /scripts/init-bottom ... done.
[   10.486934] systemd[1]: systemd 229 running in system mode. (+PAM +AUDIT +SELINUX +IMA +APPARMOR +SMACK +SYSVINIT +UTMP +LIBCRYPTSETUP +GCRYPT +GNUTLS +ACL +XZ -LZ4 +SECCOMP +BLKID +ELFUTILS +KMOD -IDN)
[   10.495845] systemd[1]: Detected virtualization oracle.
[   10.497537] systemd[1]: Detected architecture x86-64.

Welcome to [1mUbuntu 16.04.7 LTS[0m!

[   11.252128] systemd[1]: Set hostname to <ubuntu-xenial>.
[   11.496064] systemd[1]: Reached target Swap.
[[0;32m  OK  [0m] Reached target Swap.
[   11.499815] systemd[1]: Started Forward Password Requests to Wall Directory Watch.
[[0;32m  OK  [0m] Started Forward Password Requests to Wall Directory Watch.
[   11.506119] systemd[1]: Created slice User and Session Slice.
[[0;32m  OK  [0m] Created slice User and Session Slice.
[   11.511092] systemd[1]: Reached target Encrypted Volumes.
[[0;32m  OK  [0m] Reached target Encrypted Volumes.
[   11.515101] systemd[1]: Listening on fsck to fsckd communication Socket.
[[0;32m  OK  [0m] Listening on fsck to fsckd communication Socket.
[   11.519256] systemd[1]: Listening on Journal Socket (/dev/log).
[[0;32m  OK  [0m] Listening on Journal Socket (/dev/log).
[   11.525005] systemd[1]: Set up automount Arbitrary Executable File Formats File System Automount Point.
[[0;32m  OK  [0m] Set up automount Arbitrary Executab...ats File System Automount Point.
[   11.530917] systemd[1]: Listening on Journal Socket.
[[0;32m  OK  [0m] Listening on Journal Socket.
[   11.534209] systemd[1]: Listening on udev Kernel Socket.
[[0;32m  OK  [0m] Listening on udev Kernel Socket.
[   11.537533] systemd[1]: Listening on udev Control Socket.
[[0;32m  OK  [0m] Listening on udev Control Socket.
[   11.543304] systemd[1]: Reached target System Time Synchronized.
[[0;32m  OK  [0m] Reached target System Time Synchronized.
[   11.547096] systemd[1]: Listening on LVM2 poll daemon socket.
[[0;32m  OK  [0m] Listening on LVM2 poll daemon socket.
[   11.551330] systemd[1]: Started Trigger resolvconf update for networkd DNS.
[[0;32m  OK  [0m] Started Trigger resolvconf update for networkd DNS.
[   11.557061] systemd[1]: Created slice System Slice.
[[0;32m  OK  [0m] Created slice System Slice.
[   11.572635] systemd[1]: Mounting POSIX Message Queue File System...
         Mounting POSIX Message Queue File System...
[   11.579336] systemd[1]: Starting Create list of required static device nodes for the current kernel...
         Starting Create list of required st... nodes for the current kernel...
[   11.592185] systemd[1]: Starting Load Kernel Modules...
         Starting Load Kernel Modules...
[   11.596544] systemd[1]: Created slice system-serial\x2dgetty.slice.
[[0;32m  OK  [0m] Created slice system-serial\x2dgetty.slice.
[   11.602797] systemd[1]: Mounting Huge Pages File System...
         Mounting Huge Pages File System...
[   11.610265] systemd[1]: Mounting Debug File System...
         Mounting Debug File System...
[   11.613661] Loading iSCSI transport class v2.0-870.
[   11.613759] systemd[1]: Reached target Slices.
[[0;32m  OK  [0m] Reached target Slices.
[   11.619994] systemd[1]: Starting Nameserver information manager...
         Starting Nameserver information manager...
[   11.625081] systemd[1]: Listening on /dev/initctl Compatibility Named Pipe.
[[0;32m  OK  [0m] Listening on /dev/initctl Compatibility Named Pipe.
[   11.631461] systemd[1]: Listening on LVM2 metadata daemon socket.
[[0;32m  OK  [0m] Listening on LVM2 metadata daemon socket.
[   11.635164] random: nonblocking pool is initialized
[   11.636932] systemd[1]: Reached target User and Group Name Lookups.
[[0;32m  OK  [0m] Reached target U[   11.640069] iscsi: registered transport (tcp)
ser and Group Name Lookups.
[   11.645174] systemd[1]: Listening on Journal Audit Socket.
[[0;32m  OK  [0m] Listening on Journal Audit Socket.
[   11.649191] systemd[1]: Starting Uncomplicated firewall...
         Starting Uncomplicated firewall...
[   11.653991] systemd[1]: Starting File System Check on Root Device...
         Starting File System Check on Root Device...
[   11.662222] systemd[1]: Starting Set console keymap...
         Starting Set console keymap...
[   11.665946] systemd[1]: Listening on Device-mapper event daemon FIFOs.
[[0;32m  OK  [0m] Listening on Device-mapper event daemon FIFOs.
[   11.672024] systemd[1]: Starting Monitoring of LVM2 mirrors, snapshots etc. using dmeventd or progress polling...
         Starting Monitoring of LVM2 mirrors... dmeventd or progress polling...
[   11.684937] systemd[1]: Listening on Syslog Socket.
[[0;32m  OK  [0m] Listening on Syslog Socket.
[   11.692298] systemd[1]: Starting Journal Service...
         Starting Journal Service...
[   11.698571] systemd[1]: Mounted POSIX Message Queue File System.
[[0;32m  OK  [0m] Mounted POSIX Message Queue File System.
[   11.705507] systemd[1]: Mounted Huge Pages File System.
[[0;32m  OK  [0m] Mounted Huge Pages File System.
[   11.715489] systemd[1]: Mounted Debug File System.
[[0;32m  OK  [0m] Mounted Debug File System.
[   11.726140] systemd[1]: Started Create list of required static device nodes for the current kernel.
[[0;32m  OK  [0m] Started Create list of required sta...ce nodes for the current kernel.
[   11.756540] systemd[1]: Started Uncomplicated firewall.
[[   11.760604] iscsi: registered transport (iser)
[0;32m  OK  [0m] Started Uncomplicated firewall.
[   11.765875] systemd[1]: Started Load Kernel Modules.
[[0;32m  OK  [0m] Started Load Kernel Modules.
[   11.769884] systemd[1]: Started File System Check on Root Device.
[[0;32m  OK  [0m] Started File System Check on Root Device.
[   11.776071] systemd[1]: Started Nameserver information manager.
[[0;32m  OK  [0m] Started Nameserver information manager.
[   11.781974] systemd[1]: Started Journal Service.
[[0;32m  OK  [0m] Started Journal Service.
[[0;32m  OK  [0m] Started LVM2 metadata daemon.
[[0;32m  OK  [0m] Started File System Check Daemon to report status.
         Starting Remount Root and Kernel File Systems...
         Starting Apply Kernel Variables...
         Mounting FUSE Control File System...
         Starting Create Static Device Nodes in /dev...
[[0;32m  OK  [0m] Started Apply Kernel Variables.
[[0;32m  OK  [0m] Mounted FUSE Control File System.
[[0;32m  OK  [0m] Started Remount Root and Kernel File Systems.
         Starting udev Coldplug all Devices...
         Starting Flush Journal to Persistent Storage...
         Starting Load/Save Random Seed...
[[0;32m  OK  [0m] Started Set console keymap.
[[0;32m  OK  [0m] Started Create Static Device Nodes in /dev.
         Starting udev Kernel Device Manager...
[[0;32m  OK  [0m] Started Load/Save Random Seed.
[[0;32m  OK  [0m] Started Flush Journal to Persistent Storage.
[[0;32m  OK  [0m] Started udev Kernel Device Manager.
[[0;32m  OK  [0m] Started udev Coldplug all Devices.
[[0;32m  OK  [0m] Started Dispatch Password Requests to Console Directory Watch.
[[0;32m  OK  [0m] Found device /dev/ttyS0.
[[0;32m  OK  [0m] Started Monitoring of LVM2 mirrors,...ng dmeventd or progress polling.
[[0;32m  OK  [0m] Reached target Local File Systems (Pre).
[[0;32m  OK  [0m] Reached target Local File Systems.
         Starting Initial cloud-init job (pre-networking)...
         Starting Create Volatile Files and Directories...
         Starting Tell Plymouth To Write Out Runtime Data...
         Starting Set console font and keymap...
         Starting LSB: AppArmor initialization...
[[0;32m  OK  [0m] Started Tell Plymouth To Write Out Runtime Data.
[[0;32m  OK  [0m] Started Create Volatile Files and Directories.
         Starting Update UTMP about System Boot/Shutdown...
[[0;32m  OK  [0m] Started Update UTMP about System Boot/Shutdown.
[[0;32m  OK  [0m] Listening on Load/Save RF Kill Switch Status /dev/rfkill Watch.
[[0;32m  OK  [0m] Started LSB: AppArmor initialization.
[[0;32m  OK  [0m] Found device 82540EM Gigabit Ethern...r (PRO/1000 MT Desktop Adapter).
         Starting Load AppArmor profiles managed internally by snapd...
[[0;32m  OK  [0m] Started Load AppArmor profiles managed internally by snapd.
[[0;32m  OK  [0m] Found device 82540EM Gigabit Ethern...r (PRO/1000 MT Desktop Adapter).
[   13.798880] cloud-init[[0;32m  OK  [0m] Started Initial cloud-init job (pre-networking).
[[0;32m  OK  [0m] Reached target Network (Pre).
[538]: Cloud-init v. 21.1-19-gbad84ad4-0ubuntu1~16.04.2 running 'init-local' at Fri, 27 Aug 2021 09:49:37 +0000. Up 13.31 seconds.
[[0;32m  OK  [0m] Started ifup for enp0s3.
[[0;32m  OK  [0m] Started ifup for enp0s8.
         Starting Raise network interfaces...
[[0;32m  OK  [0m] Started Set console font and keymap.
[[0;32m  OK  [0m] Created slice system-getty.slice.
[[0;32m  OK  [0m] Started Raise network interfaces.
[[0;32m  OK  [0m] Reached target Network.
         Starting Initial cloud-init job (metadata service crawler)...
[   15.391457] cloud-init[1082]: Cloud-init v. 21.1-19-gbad84ad4-0ubuntu1~16.04.2 running 'init' at Fri, 27 Aug 2021 09:49:39 +0000. Up 14.93 seconds.
[   15.395082] cloud-init[1082]: ci-info: ++++++++++++++++++++++++++++++++++++++Net device info+++++++++++++++++++++++++++++++++++++++
[   15.399690] cloud-init[1082]: ci-info: +--------+------+-----------------------------+---------------+--------+-------------------+
[   15.403618] cloud-init[1082]: ci-info: | Device |  Up  |           Address           |      Mask     | Scope  |     Hw-Address    |
[   15.411973] cloud-init[1082]: ci-info: +--------+------+-----------------------------+---------------+--------+-------------------+
[   15.415220] cloud-init[1082]: ci-info: | enp0s3 | True |          10.0.2.15          | 255.255.255.0 | global | 02:a0:46:b5:71:eb |
[   15.418331] cloud-init[1082]: ci-info: | enp0s3 | True |  fe80::a0:46ff:feb5:71eb/64 |       .       |  link  | 02:a0:46:b5:71:eb |
[   15.421343] cloud-init[1082]: ci-info: | enp0s8 | True |        192.168.10.100       | 255.255.255.0 | global | 08:00:27:39:d3:f9 |
[   15.425443] cloud-init[1082]: ci-info: | enp0s8 | True | fe80::a00:27ff:fe39:d3f9/64 |       .       |  link  | 08:00:27:39:d3:f9 |
[   15.428616] cloud-init[1082]: ci-info: |   lo   | True |          127.0.0.1          |   255.0.0.0   |  host  |         .         |
[   15.431854] cloud-init[1082]: ci-info: |   lo   | True |           ::1/128           |       .       |  host  |         .         |
[   15.435833] cloud-init[1082]: ci-info: +--------+------+-----------------------------+---------------+--------+-------------------+
[   15.439787] cloud-init[1082]: ci-info: ++++++++++++++++++++++++++++Route IPv4 info++++++++++++++++++++++++++++
[   15.442537] cloud-init[1082]: ci-info: +-------+--------------+----------+---------------+-----------+-------+
[   15.445347] cloud-init[1082]: ci-info: | Route | Destination  | Gateway  |    Genmask    | Interface | Flags |
[   15.448977] cloud-init[1082]: ci-info: +-------+--------------+----------+---------------+-----------+-------+
[   15.452748] cloud-init[1082]: ci-info: |   0   |   0.0.0.0    | 10.0.2.2 |    0.0.0.0    |   enp0s3  |   UG  |
[   15.461198] cloud-init[1082]: ci-info: |   1   |   10.0.2.0   | 0.0.0.0  | 255.255.255.0 |   enp0s3  |   U   |
[   15.464081] cloud-init[1082]: ci-info: |   2   | 192.168.10.0 | 0.0.0.0  | 255.255.255.0 |   enp0s8  |   U   |
[   15.470863] cloud-init[1082]: ci-info: +-------+--------------+----------+---------------+-----------+-------+
[   15.476224] cloud-init[1082]: ci-info: +++++++++++++++++++Route IPv6 info+++++++++++++++++++
[   15.480940] cloud-init[1082]: ci-info: +-------+-------------+---------+-----------+-------+
[   15.484488] cloud-init[1082]: ci-info: | Route | Destination | Gateway | Interface | Flags |
[   15.488171] cloud-init[1082]: ci-info: +-------+-------------+---------+-----------+-------+
[   15.493286] cloud-init[1082]: ci-info: |   0   |  fe80::/64  |    ::   |   enp0s3  |   U   |
[   15.497245] cloud-init[1082]: ci-info: |   1   |  fe80::/64  |    ::   |   enp0s8  |   U   |
[   15.500334] cloud-init[1082]: ci-info: |   4   |   ff00::/8  |    ::   |   enp0s3  |   U   |
[   15.503920] cloud-init[1082]: ci-info: |   5   |   ff00::/8  |    ::   |   enp0s8  |   U   |
[   15.508103] cloud-init[1082]: ci-info: +-------+-------------+---------+-----------+-------+
[[0;32m  OK  [0m] Started Initial cloud-init job (metadata service crawler).
[[0;32m  OK  [0m] Reached target Network is Online.
         Starting iSCSI initiator daemon (iscsid)...
[[0;32m  OK  [0m] Reached target Cloud-config availability.
[[0;32m  OK  [0m] Reached target System Initialization.
[[0;32m  OK  [0m] Started Message of the Day.
         Starting Socket activation for snappy daemon.
[[0;32m  OK  [0m] Started Daily apt download activities.
[[0;32m  OK  [0m] Started Daily Cleanup of Temporary Directories.
[[0;32m  OK  [0m] Listening on UUID daemon activation socket.
[[0;32m  OK  [0m] Listening on ACPID Listen Socket.
         Starting LXD - unix socket.
[[0;32m  OK  [0m] Started Ubuntu Advantage update messaging.
[[0;32m  OK  [0m] Listening on D-Bus System Message Bus Socket.
[[0;32m  OK  [0m] Started Daily apt upgrade and clean activities.
[[0;32m  OK  [0m] Reached target Timers.
[[0;32m  OK  [0m] Started ACPI Events Check.
[[0;32m  OK  [0m] Reached target Paths.
[[0;32m  OK  [0m] Listening on Socket activation for snappy daemon.
[[0;32m  OK  [0m] Listening on LXD - unix socket.
[[0;32m  OK  [0m] Reached target Sockets.
[[0;32m  OK  [0m] Reached target Basic System.
[[0;32m  OK  [0m] Started ACPI event daemon.
[[0;32m  OK  [0m] Started Regular background program processing daemon.
         Starting LXD - container startup/shutdown...
         Starting LSB: Record successful boot for GRUB...
         Starting /etc/rc.local Compatibility...
         Starting Login Service...
         Starting Message of the Day...
[[0;32m  OK  [0m] Started Deferred execution scheduler.
[[0;32m  OK  [0m] Started FUSE filesystem for LXC.
[[0;32m  OK  [0m] Started D-Bus System Message Bus.
         Starting Virtualbox guest utils...
         Starting Accounts Service...
         Starting System Logging Service...
         Starting OpenBSD Secure Shell server...
         Starting LSB: MD monitoring daemon...
         Starting A high performance web server and a reverse proxy server...
         Starting Snap Daemon...
[[0;32m  OK  [0m] Started iSCSI initiator daemon (iscsid).
[[0;32m  OK  [0m] Started /etc/rc.local Compatibility.
[[0;32m  OK  [0m] Started Message of the Day.
[[0;32m  OK  [0m] Started Login Service.
[[0;32m  OK  [0m] Started Unattended Upgrades Shutdown.
         Starting Login to default iSCSI targets...
[[0;32m  OK  [0m] Started System Logging Service.
[[0;32m  OK  [0m] Started LSB: Record successful boot for GRUB.
         Starting Authenticate and Authorize Users to Run Privileged Tasks...
[[0;32m  OK  [0m] Started OpenBSD Secure Shell server.
[[0;32m  OK  [0m] Started LXD - container startup/shutdown.
[[0;32m  OK  [0m] Started Login to default iSCSI targets.
[[0;32m  OK  [0m] Reached target Remote File Systems (Pre).
         Mounting /home/ubuntu/app...
         Mounting /vagrant...
[[0;32m  OK  [0m] Started LSB: MD monitoring daemon.
[[0;1;31mFAILED[0m] Failed to mount /vagrant.
See 'systemctl status vagrant.mount' for details.
[[0;1;33mDEPEND[0m] Dependency failed for Remote File Systems.
[[0;1;31mFAILED[0m] Failed to mount /home/ubuntu/app.
See 'systemctl status home-ubuntu-app.mount' for details.
         Starting LSB: automatic crash report generation...
         Starting Permit User Sessions...
         Starting LSB: daemon to balance interrupts for SMP systems...
         Starting LSB: Set the CPU Frequency Scaling governor to "ondemand"...
[[0;32m  OK  [0m] Started Permit User Sessions.
[[0;32m  OK  [0m] Started Authenticate and Authorize Users to Run Privileged Tasks.
[[0;32m  OK  [0m] Started Accounts Service.
         Starting Hold until boot process finishes up...
         Starting Terminate Plymouth Boot Screen...
[[0;32m  OK  [0m] Started Hold until boot process finishes up.
[[0;32m  OK  [0m] Started Terminate Plymouth Boot Screen.
[[0;32m  OK  [0m] Started Virtualbox guest utils.
[[0;32m  OK  [0m] Started Serial Getty on ttyS0.
         Starting Set console scheme...
[[0;32m  OK  [0m] Started Getty on tty1.
[[0;32m  OK  [0m] Reached target Login Prompts.
[[0;32m  OK  [0m] Started LSB: Set the CPU Frequency Scaling governor to "ondemand".
[[0;32m  OK  [0m] Started LSB: daemon to balance interrupts for SMP systems.
[[0;32m  OK  [0m] Started LSB: automatic crash report generation.
[[0;32m  OK  [0m] Started A high performance web server and a reverse proxy server.
[[0;32m  OK  [0m] Started Set console scheme.
[[0;32m  OK  [0m] Started Snap Daemon.
         Starting Wait until snapd is fully seeded...
[[0;32m  OK  [0m] Started Wait until snapd is fully seeded.
[[0;32m  OK  [0m] Reached target Multi-User System.
[[0;32m  OK  [0m] Reached target Graphical Interface.
         Starting Update UTMP about System Runlevel Changes...
         Starting Apply the settings specified in cloud-config...
[[0;32m  OK  [0m] Started Update UTMP about System Runlevel Changes.
[   17.463282] cloud-init[1367]: Cloud-init v. 21.1-19-gbad84ad4-0ubuntu1~16.04.2 running 'modules:config' at Fri, 27 Aug 2021 09:49:41 +0000. Up 17.27 seconds.
[[0;32m  OK  [0m] Started Apply the settings specified in cloud-config.
         Starting Execute cloud user/final scripts...
[   18.311035] cloud-init[1378]: Cloud-init v. 21.1-19-gbad84ad4-0ubuntu1~16.04.2 running 'modules:final' at Fri, 27 Aug 2021 09:49:42 +0000. Up 18.10 seconds.
[   18.314158] cloud-init[1378]: Cloud-init v. 21.1-19-gbad84ad4-0ubuntu1~16.04.2 finished at Fri, 27 Aug 2021 09:49:42 +0000. Datasource DataSourceNoCloud [seed=/dev/sdb][dsmode=net].  Up 18.30 seconds
[[0;32m  OK  [0m] Started Execute cloud user/final scripts.
[[0;32m  OK  [0m] Reached target Cloud-init target.

Ubuntu 16.04.7 LTS ubuntu-xenial ttyS0

ubuntu-xenial login: 